<?xml version="1.0" encoding="UTF-8"?>
<testsuite xmlns:xsi="http://www.w3.org/2001/XMLSchema-instance" xsi:noNamespaceSchemaLocation="https://maven.apache.org/surefire/maven-surefire-plugin/xsd/surefire-test-report-3.0.xsd" version="3.0" name="runners.RunnerTest" time="1.755" tests="5" errors="0" skipped="0" failures="0">
  <properties>
[...]
</properties>
  <testcase name="Deve alugar filme com sucesso" classname="Alugar filme" time="0.257"/>
  <testcase name="Não deve alugar filme sem estoque" classname="Alugar filme" time="0.014"/>
  <testcase name="Deve dar condições especiais dependendo do tipo da categoria #1" classname="Alugar filme" time="0.016"/>
  <testcase name="Deve dar condições especiais dependendo do tipo da categoria #2" classname="Alugar filme" time="0.017"/>
  <testcase name="Deve dar condições especiais dependendo do tipo da categoria #3" classname="Alugar filme" time="0.016"/>
</testsuite>